[debug] [2020-09-12T22:31:14.802Z] ----------------------------------------------------------------------
[debug] [2020-09-12T22:31:14.806Z] Command:       /Users/fabiolacaballero/.nvm/versions/node/v10.10.0/bin/node /usr/local/bin/firebase emulators:start
[debug] [2020-09-12T22:31:14.807Z] CLI Version:   8.10.0
[debug] [2020-09-12T22:31:14.807Z] Platform:      darwin
[debug] [2020-09-12T22:31:14.807Z] Node Version:  v10.10.0
[debug] [2020-09-12T22:31:14.808Z] Time:          Sat Sep 12 2020 15:31:14 GMT-0700 (Pacific Daylight Time)
[debug] [2020-09-12T22:31:14.808Z] ----------------------------------------------------------------------
[debug] [2020-09-12T22:31:14.808Z] 
[debug] [2020-09-12T22:31:14.830Z] > command requires scopes: ["email","openid","https://www.googleapis.com/auth/cloudplatformprojects.readonly","https://www.googleapis.com/auth/firebase","https://www.googleapis.com/auth/cloud-platform"]
[debug] [2020-09-12T22:31:14.831Z] > authorizing via signed-in user
[info] i  emulators: Starting emulators: functions, hosting {"metadata":{"emulator":{"name":"hub"},"message":"Starting emulators: functions, hosting"}}
[debug] [2020-09-12T22:31:14.883Z] [hub] writing locator at /var/folders/bb/_np0gqk11yn5sj45r7wqwk1m0000gn/T/hub-clone-7d06c.json
[warn] ⚠  functions: The following emulators are not running, calls to these services from the Functions emulator will affect production: firestore, database, pubsub {"metadata":{"emulator":{"name":"functions"},"message":"The following emulators are not running, calls to these services from the Functions emulator will affect production: \u001b[1mfirestore, database, pubsub\u001b[22m"}}
[info] ✔  functions: Using node@10 from host. {"metadata":{"emulator":{"name":"functions"},"message":"Using node@10 from host."}}
[debug] [2020-09-12T22:31:14.910Z] defaultcredentials: writing to file /Users/fabiolacaballero/.config/firebase/fabycg18_gmail_com_application_default_credentials.json
[debug] [2020-09-12T22:31:14.914Z] Setting GAC to /Users/fabiolacaballero/.config/firebase/fabycg18_gmail_com_application_default_credentials.json {"metadata":{"emulator":{"name":"functions"},"message":"Setting GAC to /Users/fabiolacaballero/.config/firebase/fabycg18_gmail_com_application_default_credentials.json"}}
[debug] [2020-09-12T22:31:15.282Z] > refreshing access token with scopes: ["email","https://www.googleapis.com/auth/cloud-platform","https://www.googleapis.com/auth/cloudplatformprojects.readonly","https://www.googleapis.com/auth/firebase","openid"]
[debug] [2020-09-12T22:31:15.283Z] >>> HTTP REQUEST POST https://www.googleapis.com/oauth2/v3/token  
 <request body omitted>
[debug] [2020-09-12T22:31:15.523Z] <<< HTTP RESPONSE 200 {"content-type":"application/json; charset=utf-8","vary":"X-Origin, Referer, Origin,Accept-Encoding","date":"Sat, 12 Sep 2020 22:31:15 GMT","server":"scaffolding on HTTPServer2","cache-control":"private","x-xss-protection":"0","x-frame-options":"SAMEORIGIN","x-content-type-options":"nosniff","alt-svc":"h3-29=\":443\"; ma=2592000,h3-27=\":443\"; ma=2592000,h3-T051=\":443\"; ma=2592000,h3-T050=\":443\"; ma=2592000,h3-Q050=\":443\"; ma=2592000,h3-Q046=\":443\"; ma=2592000,h3-Q043=\":443\"; ma=2592000,quic=\":443\"; ma=2592000; v=\"46,43\"","accept-ranges":"none","transfer-encoding":"chunked"}
[debug] [2020-09-12T22:31:15.577Z] >>> HTTP REQUEST GET https://firebase.googleapis.com/v1beta1/projects/clone-7d06c/webApps/-/config  
 
[debug] [2020-09-12T22:31:16.312Z] <<< HTTP RESPONSE 200 {"content-type":"application/json; charset=UTF-8","vary":"X-Origin, Referer, Origin,Accept-Encoding","date":"Sat, 12 Sep 2020 22:31:16 GMT","server":"ESF","cache-control":"private","x-xss-protection":"0","x-frame-options":"SAMEORIGIN","x-content-type-options":"nosniff","alt-svc":"h3-29=\":443\"; ma=2592000,h3-27=\":443\"; ma=2592000,h3-T051=\":443\"; ma=2592000,h3-T050=\":443\"; ma=2592000,h3-Q050=\":443\"; ma=2592000,h3-Q046=\":443\"; ma=2592000,h3-Q043=\":443\"; ma=2592000,quic=\":443\"; ma=2592000; v=\"46,43\"","accept-ranges":"none","transfer-encoding":"chunked"}
[info] i  hosting: Serving hosting files from: build {"metadata":{"emulator":{"name":"hosting"},"message":"Serving hosting files from: \u001b[1mbuild\u001b[22m"}}
[info] ✔  hosting: Local server: http://localhost:5000 {"metadata":{"emulator":{"name":"hosting"},"message":"Local server: \u001b[4m\u001b[1mhttp://localhost:5000\u001b[22m\u001b[24m"}}
[debug] [2020-09-12T22:31:16.656Z] Ignoring unsupported arg: auto_download {"metadata":{"emulator":{"name":"ui"},"message":"Ignoring unsupported arg: auto_download"}}
[debug] [2020-09-12T22:31:16.656Z] Ignoring unsupported arg: port {"metadata":{"emulator":{"name":"ui"},"message":"Ignoring unsupported arg: port"}}
[debug] [2020-09-12T22:31:16.656Z] Starting Emulator UI with command {"binary":"node","args":["/Users/fabiolacaballero/.cache/firebase/emulators/ui-v1.1.1/server.bundle.js"],"optionalArgs":[],"joinArgs":false} {"metadata":{"emulator":{"name":"ui"},"message":"Starting Emulator UI with command {\"binary\":\"node\",\"args\":[\"/Users/fabiolacaballero/.cache/firebase/emulators/ui-v1.1.1/server.bundle.js\"],\"optionalArgs\":[],\"joinArgs\":false}"}}
[info] i  ui: Emulator UI logging to ui-debug.log {"metadata":{"emulator":{"name":"ui"},"message":"Emulator UI logging to \u001b[1mui-debug.log\u001b[22m"}}
[debug] [2020-09-12T22:31:16.909Z] Web / API server started at http://localhost:4000
 {"metadata":{"emulator":{"name":"ui"},"message":"Web / API server started at http://localhost:4000\n"}}
[info] i  functions: Watching "/Users/fabiolacaballero/code/Projects/amazon-clone/functions" for Cloud Functions... {"metadata":{"emulator":{"name":"functions"},"message":"Watching \"/Users/fabiolacaballero/code/Projects/amazon-clone/functions\" for Cloud Functions..."}}
[debug] [2020-09-12T22:31:16.937Z] [worker-pool] addWorker(~diagnostic~) {"metadata":{"emulator":{"name":"functions"},"message":"[worker-pool] addWorker(~diagnostic~)"}}
[debug] [2020-09-12T22:31:16.938Z] [worker-pool] Adding worker with key ~diagnostic~, total=1 {"metadata":{"emulator":{"name":"functions"},"message":"[worker-pool] Adding worker with key ~diagnostic~, total=1"}}
[debug] [2020-09-12T22:31:16.939Z] [worker-pool] submitWork(triggerId=) {"metadata":{"emulator":{"name":"functions"},"message":"[worker-pool] submitWork(triggerId=)"}}
[debug] [2020-09-12T22:31:16.940Z] [worker-~diagnostic~-682cc757-3078-477e-83e8-9666f6decba9]: Assigning socketPath: /var/folders/bb/_np0gqk11yn5sj45r7wqwk1m0000gn/T/fire_emu_3312.sock {"metadata":{"emulator":{"name":"functions"},"message":"[worker-~diagnostic~-682cc757-3078-477e-83e8-9666f6decba9]: Assigning socketPath: /var/folders/bb/_np0gqk11yn5sj45r7wqwk1m0000gn/T/fire_emu_3312.sock"}}
[debug] [2020-09-12T22:31:16.940Z] [worker-~diagnostic~-682cc757-3078-477e-83e8-9666f6decba9]: BUSY {"metadata":{"emulator":{"name":"functions"},"message":"[worker-~diagnostic~-682cc757-3078-477e-83e8-9666f6decba9]: BUSY"}}
[debug] [2020-09-12T22:31:17.515Z] [runtime-status] [3312] Functions runtime initialized. {"cwd":"/Users/fabiolacaballero/code/Projects/amazon-clone/functions","node_version":"10.10.0"} {"metadata":{"emulator":{"name":"functions"},"message":"[runtime-status] [3312] Functions runtime initialized. {\"cwd\":\"/Users/fabiolacaballero/code/Projects/amazon-clone/functions\",\"node_version\":\"10.10.0\"}"}}
[debug] [2020-09-12T22:31:17.517Z] [runtime-status] [3312] Disabled runtime features: undefined {"metadata":{"emulator":{"name":"functions"},"message":"[runtime-status] [3312] Disabled runtime features: undefined"}}
[debug] [2020-09-12T22:31:17.522Z] [runtime-status] [3312] Resolved module firebase-admin {"declared":true,"installed":true,"version":"8.13.0","resolution":"/Users/fabiolacaballero/code/Projects/amazon-clone/functions/node_modules/firebase-admin/lib/index.js"} {"metadata":{"emulator":{"name":"functions"},"message":"[runtime-status] [3312] Resolved module firebase-admin {\"declared\":true,\"installed\":true,\"version\":\"8.13.0\",\"resolution\":\"/Users/fabiolacaballero/code/Projects/amazon-clone/functions/node_modules/firebase-admin/lib/index.js\"}"}}
[debug] [2020-09-12T22:31:17.525Z] [runtime-status] [3312] Resolved module firebase-functions {"declared":true,"installed":true,"version":"3.11.0","resolution":"/Users/fabiolacaballero/code/Projects/amazon-clone/functions/node_modules/firebase-functions/lib/index.js"} {"metadata":{"emulator":{"name":"functions"},"message":"[runtime-status] [3312] Resolved module firebase-functions {\"declared\":true,\"installed\":true,\"version\":\"3.11.0\",\"resolution\":\"/Users/fabiolacaballero/code/Projects/amazon-clone/functions/node_modules/firebase-functions/lib/index.js\"}"}}
[debug] [2020-09-12T22:31:17.526Z] [runtime-status] [3312] Resolved module firebase-functions {"declared":true,"installed":true,"version":"3.11.0","resolution":"/Users/fabiolacaballero/code/Projects/amazon-clone/functions/node_modules/firebase-functions/lib/index.js"} {"metadata":{"emulator":{"name":"functions"},"message":"[runtime-status] [3312] Resolved module firebase-functions {\"declared\":true,\"installed\":true,\"version\":\"3.11.0\",\"resolution\":\"/Users/fabiolacaballero/code/Projects/amazon-clone/functions/node_modules/firebase-functions/lib/index.js\"}"}}
[debug] [2020-09-12T22:31:17.533Z] [runtime-status] [3312] Outgoing network have been stubbed. [{"name":"http","status":"mocked"},{"name":"http","status":"mocked"},{"name":"https","status":"mocked"},{"name":"https","status":"mocked"},{"name":"net","status":"mocked"}] {"metadata":{"emulator":{"name":"functions"},"message":"[runtime-status] [3312] Outgoing network have been stubbed. [{\"name\":\"http\",\"status\":\"mocked\"},{\"name\":\"http\",\"status\":\"mocked\"},{\"name\":\"https\",\"status\":\"mocked\"},{\"name\":\"https\",\"status\":\"mocked\"},{\"name\":\"net\",\"status\":\"mocked\"}]"}}
[debug] [2020-09-12T22:31:17.534Z] [runtime-status] [3312] Resolved module firebase-functions {"declared":true,"installed":true,"version":"3.11.0","resolution":"/Users/fabiolacaballero/code/Projects/amazon-clone/functions/node_modules/firebase-functions/lib/index.js"} {"metadata":{"emulator":{"name":"functions"},"message":"[runtime-status] [3312] Resolved module firebase-functions {\"declared\":true,\"installed\":true,\"version\":\"3.11.0\",\"resolution\":\"/Users/fabiolacaballero/code/Projects/amazon-clone/functions/node_modules/firebase-functions/lib/index.js\"}"}}
[debug] [2020-09-12T22:31:17.638Z] [runtime-status] [3312] Checked functions.config() {"config":{}} {"metadata":{"emulator":{"name":"functions"},"message":"[runtime-status] [3312] Checked functions.config() {\"config\":{}}"}}
[debug] [2020-09-12T22:31:17.639Z] [runtime-status] [3312] firebase-functions has been stubbed. {"functionsResolution":{"declared":true,"installed":true,"version":"3.11.0","resolution":"/Users/fabiolacaballero/code/Projects/amazon-clone/functions/node_modules/firebase-functions/lib/index.js"}} {"metadata":{"emulator":{"name":"functions"},"message":"[runtime-status] [3312] firebase-functions has been stubbed. {\"functionsResolution\":{\"declared\":true,\"installed\":true,\"version\":\"3.11.0\",\"resolution\":\"/Users/fabiolacaballero/code/Projects/amazon-clone/functions/node_modules/firebase-functions/lib/index.js\"}}"}}
[debug] [2020-09-12T22:31:17.640Z] [runtime-status] [3312] Resolved module firebase-functions {"declared":true,"installed":true,"version":"3.11.0","resolution":"/Users/fabiolacaballero/code/Projects/amazon-clone/functions/node_modules/firebase-functions/lib/index.js"} {"metadata":{"emulator":{"name":"functions"},"message":"[runtime-status] [3312] Resolved module firebase-functions {\"declared\":true,\"installed\":true,\"version\":\"3.11.0\",\"resolution\":\"/Users/fabiolacaballero/code/Projects/amazon-clone/functions/node_modules/firebase-functions/lib/index.js\"}"}}
[debug] [2020-09-12T22:31:17.642Z] [runtime-status] [3312] Resolved module firebase-admin {"declared":true,"installed":true,"version":"8.13.0","resolution":"/Users/fabiolacaballero/code/Projects/amazon-clone/functions/node_modules/firebase-admin/lib/index.js"} {"metadata":{"emulator":{"name":"functions"},"message":"[runtime-status] [3312] Resolved module firebase-admin {\"declared\":true,\"installed\":true,\"version\":\"8.13.0\",\"resolution\":\"/Users/fabiolacaballero/code/Projects/amazon-clone/functions/node_modules/firebase-admin/lib/index.js\"}"}}
[debug] [2020-09-12T22:31:17.643Z] [runtime-status] [3312] Resolved module firebase-functions {"declared":true,"installed":true,"version":"3.11.0","resolution":"/Users/fabiolacaballero/code/Projects/amazon-clone/functions/node_modules/firebase-functions/lib/index.js"} {"metadata":{"emulator":{"name":"functions"},"message":"[runtime-status] [3312] Resolved module firebase-functions {\"declared\":true,\"installed\":true,\"version\":\"3.11.0\",\"resolution\":\"/Users/fabiolacaballero/code/Projects/amazon-clone/functions/node_modules/firebase-functions/lib/index.js\"}"}}
[debug] [2020-09-12T22:31:17.643Z] [runtime-status] [3312] firebase-admin has been stubbed. {"adminResolution":{"declared":true,"installed":true,"version":"8.13.0","resolution":"/Users/fabiolacaballero/code/Projects/amazon-clone/functions/node_modules/firebase-admin/lib/index.js"}} {"metadata":{"emulator":{"name":"functions"},"message":"[runtime-status] [3312] firebase-admin has been stubbed. {\"adminResolution\":{\"declared\":true,\"installed\":true,\"version\":\"8.13.0\",\"resolution\":\"/Users/fabiolacaballero/code/Projects/amazon-clone/functions/node_modules/firebase-admin/lib/index.js\"}}"}}
[info] ✔  functions[api]: http function initialized (http://localhost:5001/clone-7d06c/us-central1/api). {"metadata":{"emulator":{"name":"functions"},"message":"\u001b[1mhttp\u001b[22m function initialized (http://localhost:5001/clone-7d06c/us-central1/api)."}}
[info] 
┌───────────────────────────────────────────────────────────────────────┐
│ ✔  All emulators ready! View status and logs at http://localhost:4000 │
└───────────────────────────────────────────────────────────────────────┘

┌───────────┬────────────────┬─────────────────────────────────┐
│ Emulator  │ Host:Port      │ View in Emulator UI             │
├───────────┼────────────────┼─────────────────────────────────┤
│ Functions │ localhost:5001 │ http://localhost:4000/functions │
├───────────┼────────────────┼─────────────────────────────────┤
│ Hosting   │ localhost:5000 │ n/a                             │
└───────────┴────────────────┴─────────────────────────────────┘
  Other reserved ports: 4400, 4500

Issues? Report them at https://github.com/firebase/firebase-tools/issues and attach the *-debug.log files.
 
[debug] [2020-09-12T22:31:18.009Z] [worker-~diagnostic~-682cc757-3078-477e-83e8-9666f6decba9]: IDLE {"metadata":{"emulator":{"name":"functions"},"message":"[worker-~diagnostic~-682cc757-3078-477e-83e8-9666f6decba9]: IDLE"}}
